<?xml version="1.0" encoding="UTF-8"?>
<!-- Generated by org.testng.reporters.JUnitReportReporter -->
<testsuite skipped="0" hostname="DESKTOP-SQ7SO42" name="Test.Test1" tests="1" failures="0" timestamp="2020-03-22T12:19:09 IST" time="4.852" errors="0">
  <testcase name="testCarSerialization" time="4.852" classname="Test.Test1"/>
</testsuite> <!-- Test.Test1 -->
